<?xml version="1.0" encoding="UTF-8"?>
<!-- Generated by org.testng.reporters.JUnitReportReporter -->
<testsuite hostname="LAPTOP-T0DND7TF" failures="0" tests="1" name="runner.Runner" time="10.530" errors="0" timestamp="2024-02-21T12:42:19 IST" skipped="0">
  <testcase classname="runner.Runner" name="runScenario" time="10.530"/>
  <system-out/>
</testsuite> <!-- runner.Runner -->
